<?xml version="1.0" encoding="UTF-8"?>
<!-- Generated by org.testng.reporters.JUnitReportReporter -->
<testsuite hostname="Bharani" failures="0" tests="1" name="demo.Test3" time="0.001" errors="0" timestamp="2022-08-25T12:41:23 IST" skipped="0">
  <testcase classname="demo.Test3" name="tc3" time="0.001"/>
  <system-out/>
</testsuite> <!-- demo.Test3 -->
