<?xml version="1.0" encoding="UTF-8"?>
<!-- Generated by org.testng.reporters.JUnitReportReporter -->
<testsuite hostname="Bharani" failures="0" tests="1" name="demo.Test2" time="0.001" errors="0" timestamp="2022-08-25T12:52:46 IST" skipped="0">
  <testcase classname="demo.Test2" name="tc1" time="0.001"/>
  <system-out/>
</testsuite> <!-- demo.Test2 -->
