<?xml version="1.0" encoding="UTF-8"?>
<!-- Generated by org.testng.reporters.JUnitReportReporter -->
<testsuite hostname="Bharani" failures="0" tests="1" name="jenkins.Test1" time="0.005" errors="0" timestamp="2022-08-24T14:22:46 IST" skipped="0">
  <testcase classname="jenkins.Test1" name="tc1" time="0.005"/>
  <system-out/>
</testsuite> <!-- jenkins.Test1 -->
