<?xml version="1.0" encoding="UTF-8"?>
<!-- Generated by org.testng.reporters.JUnitReportReporter -->
<testsuite hostname="Bharani" failures="0" tests="1" name="demo.Test1" time="0.015" errors="0" timestamp="2022-08-25T12:52:46 IST" skipped="0">
  <testcase classname="demo.Test1" name="tc1" time="0.015"/>
  <system-out/>
</testsuite> <!-- demo.Test1 -->
